Using pre-set license
Built from '2020.3/staging' branch; Version is '2020.3.0f1 (c7b5465681fb) revision 13088070'; Using compiler version '192528614'; Build Type 'Release'
OS: 'Windows 10 Home Single Language; OS build 18363.1316; Version 1909; 64bit' Language: 'en' Physical Memory: 3968 MB
BatchMode: 1, IsHumanControllingUs: 0, StartBugReporterOnCrash: 0, Is64bit: 1, IsPro: 0

 COMMAND LINE ARGUMENTS:
C:\Program Files\Unity Hub\Hub\Editor\2020.3.0f1\Editor\Unity.exe
-adb2
-batchMode
-noUpm
-name
AssetImportWorker4
-projectPath
C:/Users/Hp/Downloads/game aset/pong2d
-logFile
Logs/AssetImportWorker4.log
-srvPort
54849
Successfully changed project path to: C:/Users/Hp/Downloads/game aset/pong2d
C:/Users/Hp/Downloads/game aset/pong2d
Using Asset Import Pipeline V2.
Refreshing native plugins compatible for Editor in 129.88 ms, found 0 plugins.
Preloading 0 native plugins for Editor in 0.00 ms.
Initialize engine version: 2020.3.0f1 (c7b5465681fb)
[Subsystems] Discovering subsystems at path C:/Program Files/Unity Hub/Hub/Editor/2020.3.0f1/Editor/Data/Resources/UnitySubsystems
[Subsystems] Discovering subsystems at path C:/Users/Hp/Downloads/game aset/pong2d/Assets
GfxDevice: creating device client; threaded=0
Direct3D:
    Version:  Direct3D 11.0 [level 11.1]
    Renderer: Intel(R) HD Graphics 620 (ID=0x5916)
    Vendor:   
    VRAM:     1984 MB
    Driver:   27.20.100.8681
Initialize mono
Mono path[0] = 'C:/Program Files/Unity Hub/Hub/Editor/2020.3.0f1/Editor/Data/Managed'
Mono path[1] = 'C:/Program Files/Unity Hub/Hub/Editor/2020.3.0f1/Editor/Data/MonoBleedingEdge/lib/mono/unityjit'
Mono config path = 'C:/Program Files/Unity Hub/Hub/Editor/2020.3.0f1/Editor/Data/MonoBleedingEdge/etc'
Using monoOptions --debugger-agent=transport=dt_socket,embedding=1,server=y,suspend=n,address=127.0.0.1:56576
Begin MonoManager ReloadAssembly
Registering precompiled unity dll's ...
Register platform support module: C:/Program Files/Unity Hub/Hub/Editor/2020.3.0f1/Editor/Data/PlaybackEngines/WebGLSupport/UnityEditor.WebGL.Extensions.dll
Register platform support module: C:/Program Files/Unity Hub/Hub/Editor/2020.3.0f1/Editor/Data/PlaybackEngines/WindowsStandaloneSupport/UnityEditor.WindowsStandalone.Extensions.dll
Registered in 0.005785 seconds.
Native extension for WindowsStandalone target not found
Native extension for WebGL target not found
Refreshing native plugins compatible for Editor in 119.32 ms, found 0 plugins.
Preloading 0 native plugins for Editor in 0.00 ms.
Invoked RoslynAnalysisRunner static constructor.
RoslynAnalysisRunner will not be running.
RoslynAnalysisRunner has terminated.
Mono: successfully reloaded assembly
- Completed reload, in  3.539 seconds
Platform modules already initialized, skipping
Registering precompiled user dll's ...
Registered in 0.006837 seconds.
Begin MonoManager ReloadAssembly
Native extension for WindowsStandalone target not found
Native extension for WebGL target not found
Refreshing native plugins compatible for Editor in 0.76 ms, found 0 plugins.
Preloading 0 native plugins for Editor in 0.00 ms.
Invoked RoslynAnalysisRunner static constructor.
RoslynAnalysisRunner will not be running.
RoslynAnalysisRunner has terminated.
Mono: successfully reloaded assembly
- Completed reload, in 11.823 seconds
Platform modules already initialized, skipping
========================================================================
Worker process is ready to serve import requests
Launched and connected shader compiler UnityShaderCompiler.exe after 0.36 seconds
Refreshing native plugins compatible for Editor in 2.48 ms, found 0 plugins.
Preloading 0 native plugins for Editor in 0.00 ms.
Unloading 1413 Unused Serialized files (Serialized files now loaded: 0)
System memory in use before: 66.3 MB.
System memory in use after: 66.4 MB.

Unloading 33 unused Assets to reduce memory usage. Loaded Objects now: 1842.
Total: 7.720400 ms (FindLiveObjects: 0.564800 ms CreateObjectMapping: 0.275500 ms MarkObjects: 6.572800 ms  DeleteObjects: 0.302700 ms)

========================================================================
Received Import Request.
  path: Assets/Images
  artifactKey: Guid(81e08e8e39fc0e24f83334b18d1b5588) Importer(815301076,1909f56bfc062723c751e8b465ee728b)
Start importing Assets/Images using Guid(81e08e8e39fc0e24f83334b18d1b5588) Importer(815301076,1909f56bfc062723c751e8b465ee728b)  -> (artifact id: '85bc13d6bdcb0e70a8d67207aff6ae61') in 0.069493 seconds
  Import took 0.115643 seconds .

========================================================================
Received Import Request.
  Time since last request: 0.014985 seconds.
  path: Assets/Scenes/Menu.unity
  artifactKey: Guid(bb4dea83b33bcb34bb1279b095ab44ad) Importer(815301076,1909f56bfc062723c751e8b465ee728b)
Start importing Assets/Scenes/Menu.unity using Guid(bb4dea83b33bcb34bb1279b095ab44ad) Importer(815301076,1909f56bfc062723c751e8b465ee728b)  -> (artifact id: 'a12636470c9fabeba74830389655133b') in 0.082668 seconds
  Import took 0.125529 seconds .

========================================================================
Received Import Request.
  Time since last request: 68.243124 seconds.
  path: Assets/Images/assets
  artifactKey: Guid(fd0414b1c2fc60542aed9b273c964d17) Importer(815301076,1909f56bfc062723c751e8b465ee728b)
Start importing Assets/Images/assets using Guid(fd0414b1c2fc60542aed9b273c964d17) Importer(815301076,1909f56bfc062723c751e8b465ee728b)  -> (artifact id: '271f09011628652bee238f75bbcc4e23') in 0.013588 seconds
  Import took 0.063887 seconds .

========================================================================
Received Import Request.
  Time since last request: 0.000501 seconds.
  path: Assets/Images/assets/mobil_4.png
  artifactKey: Guid(22045b5e3d60f664689f1d66b343886f) Importer(815301076,1909f56bfc062723c751e8b465ee728b)
Start importing Assets/Images/assets/mobil_4.png using Guid(22045b5e3d60f664689f1d66b343886f) Importer(815301076,1909f56bfc062723c751e8b465ee728b)  -> (artifact id: 'f7b70839aa68b6a44ec18dbe19a1f080') in 0.650668 seconds
  Import took 0.666711 seconds .

========================================================================
Received Import Request.
  Time since last request: 0.000711 seconds.
  path: Assets/Images/assets/mobil_1.png
  artifactKey: Guid(344944bf95c94d24090fa750dc57f505) Importer(815301076,1909f56bfc062723c751e8b465ee728b)
Start importing Assets/Images/assets/mobil_1.png using Guid(344944bf95c94d24090fa750dc57f505) Importer(815301076,1909f56bfc062723c751e8b465ee728b)  -> (artifact id: '25e430be88f4a6a6ecbc43e4f329005c') in 0.095401 seconds
  Import took 0.118651 seconds .

========================================================================
Received Import Request.
  Time since last request: 0.001258 seconds.
  path: Assets/Images/assets/bola.png
  artifactKey: Guid(b3ec01240235419468e737c08f21155b) Importer(815301076,1909f56bfc062723c751e8b465ee728b)
Start importing Assets/Images/assets/bola.png using Guid(b3ec01240235419468e737c08f21155b) Importer(815301076,1909f56bfc062723c751e8b465ee728b)  -> (artifact id: 'd341ed970ca29d22f80977abd35939bb') in 0.072373 seconds
  Import took 0.114215 seconds .

========================================================================
Received Import Request.
  Time since last request: 0.000723 seconds.
  path: Assets/Images/assets/images.jpg
  artifactKey: Guid(62279287d08ad3b45bfc02818129649b) Importer(815301076,1909f56bfc062723c751e8b465ee728b)
Start importing Assets/Images/assets/images.jpg using Guid(62279287d08ad3b45bfc02818129649b) Importer(815301076,1909f56bfc062723c751e8b465ee728b)  -> (artifact id: 'f6e232bbf798eeb1640cd6346aaf9f25') in 0.094934 seconds
  Import took 0.123935 seconds .

========================================================================
Received Import Request.
  Time since last request: 0.001032 seconds.
  path: Assets/Images/assets/mobil_2.png
  artifactKey: Guid(31ab8d17dda60f14c99bdbd84f0a5e5b) Importer(815301076,1909f56bfc062723c751e8b465ee728b)
Start importing Assets/Images/assets/mobil_2.png using Guid(31ab8d17dda60f14c99bdbd84f0a5e5b) Importer(815301076,1909f56bfc062723c751e8b465ee728b)  -> (artifact id: 'c2ed7b152c49ff3d21d0976f493092c4') in 0.102767 seconds
  Import took 0.157433 seconds .

========================================================================
Received Import Request.
  Time since last request: 0.000610 seconds.
  path: Assets/Images/assets/mobil.jpg
  artifactKey: Guid(1baf13ae7338f354b9bcfa720897851e) Importer(815301076,1909f56bfc062723c751e8b465ee728b)
Start importing Assets/Images/assets/mobil.jpg using Guid(1baf13ae7338f354b9bcfa720897851e) Importer(815301076,1909f56bfc062723c751e8b465ee728b)  -> (artifact id: 'e661219cd22441e9668488160981e7eb') in 0.088618 seconds
  Import took 0.096843 seconds .

========================================================================
Received Import Request.
  Time since last request: 0.000725 seconds.
  path: Assets/Images/assets/mobil_5.png
  artifactKey: Guid(d34fc95f212b9d54dba7f6c6750720a9) Importer(815301076,1909f56bfc062723c751e8b465ee728b)
Start importing Assets/Images/assets/mobil_5.png using Guid(d34fc95f212b9d54dba7f6c6750720a9) Importer(815301076,1909f56bfc062723c751e8b465ee728b)  -> (artifact id: '6b010bb8da742e3aead41526854821e5') in 0.085690 seconds
  Import took 0.097460 seconds .

========================================================================
Received Import Request.
  Time since last request: 0.000396 seconds.
  path: Assets/Images/assets/mobil.jpg
  artifactKey: Guid(1baf13ae7338f354b9bcfa720897851e) Importer(815301076,1909f56bfc062723c751e8b465ee728b)
Start importing Assets/Images/assets/mobil.jpg using Guid(1baf13ae7338f354b9bcfa720897851e) Importer(815301076,1909f56bfc062723c751e8b465ee728b)  -> (artifact id: 'e661219cd22441e9668488160981e7eb') in 0.031523 seconds
  Import took 0.039537 seconds .

========================================================================
Received Import Request.
  Time since last request: 0.000328 seconds.
  path: Assets/Images/assets/mobil_3.png
  artifactKey: Guid(47dce5fa50f054d44bc93574545433e6) Importer(815301076,1909f56bfc062723c751e8b465ee728b)
Start importing Assets/Images/assets/mobil_3.png using Guid(47dce5fa50f054d44bc93574545433e6) Importer(815301076,1909f56bfc062723c751e8b465ee728b)  -> (artifact id: 'acf37eb7b92255999677010b041cb990') in 0.033615 seconds
  Import took 0.060214 seconds .

========================================================================
Received Prepare
Registering precompiled user dll's ...
Registered in 0.003049 seconds.
Begin MonoManager ReloadAssembly
Native extension for WindowsStandalone target not found
Native extension for WebGL target not found
Refreshing native plugins compatible for Editor in 0.44 ms, found 0 plugins.
Preloading 0 native plugins for Editor in 0.00 ms.
Invoked RoslynAnalysisRunner static constructor.
RoslynAnalysisRunner will not be running.
RoslynAnalysisRunner has terminated.
Mono: successfully reloaded assembly
- Completed reload, in  0.996 seconds
Platform modules already initialized, skipping
Refreshing native plugins compatible for Editor in 1.15 ms, found 0 plugins.
Preloading 0 native plugins for Editor in 0.00 ms.
Unloading 1395 Unused Serialized files (Serialized files now loaded: 0)
System memory in use before: 68.4 MB.
System memory in use after: 68.5 MB.

Unloading 24 unused Assets to reduce memory usage. Loaded Objects now: 1855.
Total: 5.930400 ms (FindLiveObjects: 0.304300 ms CreateObjectMapping: 0.202000 ms MarkObjects: 5.360100 ms  DeleteObjects: 0.056700 ms)

========================================================================
Received Prepare
Registering precompiled user dll's ...
Registered in 0.005514 seconds.
Begin MonoManager ReloadAssembly
Native extension for WindowsStandalone target not found
Native extension for WebGL target not found
Refreshing native plugins compatible for Editor in 0.47 ms, found 0 plugins.
Preloading 0 native plugins for Editor in 0.00 ms.
Invoked RoslynAnalysisRunner static constructor.
RoslynAnalysisRunner will not be running.
RoslynAnalysisRunner has terminated.
Mono: successfully reloaded assembly
- Completed reload, in  0.983 seconds
Platform modules already initialized, skipping
Refreshing native plugins compatible for Editor in 0.53 ms, found 0 plugins.
Preloading 0 native plugins for Editor in 0.00 ms.
Unloading 1395 Unused Serialized files (Serialized files now loaded: 0)
System memory in use before: 68.4 MB.
System memory in use after: 68.5 MB.

Unloading 24 unused Assets to reduce memory usage. Loaded Objects now: 1858.
Total: 2.351600 ms (FindLiveObjects: 0.207200 ms CreateObjectMapping: 0.071900 ms MarkObjects: 2.038200 ms  DeleteObjects: 0.032900 ms)

========================================================================
Received Prepare
Registering precompiled user dll's ...
Registered in 0.005770 seconds.
Begin MonoManager ReloadAssembly
Native extension for WindowsStandalone target not found
Native extension for WebGL target not found
Refreshing native plugins compatible for Editor in 0.82 ms, found 0 plugins.
Preloading 0 native plugins for Editor in 0.00 ms.
Invoked RoslynAnalysisRunner static constructor.
RoslynAnalysisRunner will not be running.
RoslynAnalysisRunner has terminated.
Mono: successfully reloaded assembly
- Completed reload, in  1.808 seconds
Platform modules already initialized, skipping
Refreshing native plugins compatible for Editor in 0.82 ms, found 0 plugins.
Preloading 0 native plugins for Editor in 0.00 ms.
Unloading 1395 Unused Serialized files (Serialized files now loaded: 0)
System memory in use before: 68.4 MB.
System memory in use after: 68.5 MB.

Unloading 24 unused Assets to reduce memory usage. Loaded Objects now: 1861.
Total: 3.823000 ms (FindLiveObjects: 0.253400 ms CreateObjectMapping: 0.088500 ms MarkObjects: 3.433800 ms  DeleteObjects: 0.044500 ms)

========================================================================
Received Prepare
Registering precompiled user dll's ...
Registered in 0.015598 seconds.
Begin MonoManager ReloadAssembly
Native extension for WindowsStandalone target not found
Native extension for WebGL target not found
Refreshing native plugins compatible for Editor in 2.08 ms, found 0 plugins.
Preloading 0 native plugins for Editor in 0.00 ms.
Invoked RoslynAnalysisRunner static constructor.
RoslynAnalysisRunner will not be running.
RoslynAnalysisRunner has terminated.
Mono: successfully reloaded assembly
- Completed reload, in  4.436 seconds
Platform modules already initialized, skipping
Refreshing native plugins compatible for Editor in 2.56 ms, found 0 plugins.
Preloading 0 native plugins for Editor in 0.00 ms.
Unloading 1395 Unused Serialized files (Serialized files now loaded: 0)
System memory in use before: 68.4 MB.
System memory in use after: 68.5 MB.

Unloading 24 unused Assets to reduce memory usage. Loaded Objects now: 1864.
Total: 8.890800 ms (FindLiveObjects: 0.872300 ms CreateObjectMapping: 0.751800 ms MarkObjects: 7.145500 ms  DeleteObjects: 0.114200 ms)

========================================================================
Received Import Request.
  Time since last request: 1282.403870 seconds.
  path: Assets/Images/assets/backbutton.png
  artifactKey: Guid(113a581f5eedf4e45ad32639e934b794) Importer(815301076,1909f56bfc062723c751e8b465ee728b)
Start importing Assets/Images/assets/backbutton.png using Guid(113a581f5eedf4e45ad32639e934b794) Importer(815301076,1909f56bfc062723c751e8b465ee728b)  -> (artifact id: '830d71f2d56dc973c97bceddc35ccfdb') in 0.100733 seconds
  Import took 0.226194 seconds .

========================================================================
Received Import Request.
  Time since last request: 0.000808 seconds.
  path: Assets/Images/assets/menubutton.png
  artifactKey: Guid(33105335ef8707e40b5f6c3e83ecfdb8) Importer(815301076,1909f56bfc062723c751e8b465ee728b)
Start importing Assets/Images/assets/menubutton.png using Guid(33105335ef8707e40b5f6c3e83ecfdb8) Importer(815301076,1909f56bfc062723c751e8b465ee728b)  -> (artifact id: '079250910249eb2f33a03153552efd72') in 0.076900 seconds
  Import took 0.092591 seconds .

========================================================================
Received Import Request.
  Time since last request: 0.000768 seconds.
  path: Assets/Images/assets/mainbutton.png
  artifactKey: Guid(00080558029b7ef4594a34a377a387ff) Importer(815301076,1909f56bfc062723c751e8b465ee728b)
Start importing Assets/Images/assets/mainbutton.png using Guid(00080558029b7ef4594a34a377a387ff) Importer(815301076,1909f56bfc062723c751e8b465ee728b)  -> (artifact id: '282c514c8fc1c2902fe03db89a0ea1ce') in 0.071192 seconds
  Import took 0.126385 seconds .

========================================================================
Received Import Request.
  Time since last request: 38.919780 seconds.
  path: Assets/Images/assets/Reload-icon.png
  artifactKey: Guid(c05957f9282237d49bd0296cf2e3affb) Importer(815301076,1909f56bfc062723c751e8b465ee728b)
Start importing Assets/Images/assets/Reload-icon.png using Guid(c05957f9282237d49bd0296cf2e3affb) Importer(815301076,1909f56bfc062723c751e8b465ee728b)  -> (artifact id: '1ab2949513764f8e4b6024ed2614bc85') in 0.154098 seconds
  Import took 0.179574 seconds .

========================================================================
Received Import Request.
  Time since last request: 0.000809 seconds.
  path: Assets/Images/assets/rulesbutton.png
  artifactKey: Guid(38ca8d218acc51c44934d27eb2bb61c9) Importer(815301076,1909f56bfc062723c751e8b465ee728b)
Start importing Assets/Images/assets/rulesbutton.png using Guid(38ca8d218acc51c44934d27eb2bb61c9) Importer(815301076,1909f56bfc062723c751e8b465ee728b)  -> (artifact id: '8455e4ae91c141d9f50a2c8d6c51e96b') in 0.076599 seconds
  Import took 0.092649 seconds .

========================================================================
Received Prepare
Registering precompiled user dll's ...
Registered in 0.003058 seconds.
Begin MonoManager ReloadAssembly
Native extension for WindowsStandalone target not found
Native extension for WebGL target not found
Refreshing native plugins compatible for Editor in 0.51 ms, found 0 plugins.
Preloading 0 native plugins for Editor in 0.00 ms.
Invoked RoslynAnalysisRunner static constructor.
RoslynAnalysisRunner will not be running.
RoslynAnalysisRunner has terminated.
Mono: successfully reloaded assembly
- Completed reload, in  1.059 seconds
Platform modules already initialized, skipping
Refreshing native plugins compatible for Editor in 0.49 ms, found 0 plugins.
Preloading 0 native plugins for Editor in 0.00 ms.
Unloading 1395 Unused Serialized files (Serialized files now loaded: 0)
System memory in use before: 68.4 MB.
System memory in use after: 68.5 MB.

Unloading 24 unused Assets to reduce memory usage. Loaded Objects now: 1872.
Total: 2.198600 ms (FindLiveObjects: 0.200600 ms CreateObjectMapping: 0.063200 ms MarkObjects: 1.904900 ms  DeleteObjects: 0.028000 ms)

========================================================================
Received Prepare
Registering precompiled user dll's ...
Registered in 0.003350 seconds.
Begin MonoManager ReloadAssembly
Native extension for WindowsStandalone target not found
Native extension for WebGL target not found
Refreshing native plugins compatible for Editor in 0.44 ms, found 0 plugins.
Preloading 0 native plugins for Editor in 0.00 ms.
Invoked RoslynAnalysisRunner static constructor.
RoslynAnalysisRunner will not be running.
RoslynAnalysisRunner has terminated.
Mono: successfully reloaded assembly
- Completed reload, in  1.040 seconds
Platform modules already initialized, skipping
Refreshing native plugins compatible for Editor in 0.67 ms, found 0 plugins.
Preloading 0 native plugins for Editor in 0.00 ms.
Unloading 1395 Unused Serialized files (Serialized files now loaded: 0)
System memory in use before: 68.5 MB.
System memory in use after: 68.6 MB.

Unloading 24 unused Assets to reduce memory usage. Loaded Objects now: 1875.
Total: 2.499400 ms (FindLiveObjects: 0.223000 ms CreateObjectMapping: 0.077100 ms MarkObjects: 2.152900 ms  DeleteObjects: 0.044100 ms)

========================================================================
Received Prepare
Registering precompiled user dll's ...
Registered in 0.005266 seconds.
Begin MonoManager ReloadAssembly
Native extension for WindowsStandalone target not found
Native extension for WebGL target not found
Refreshing native plugins compatible for Editor in 0.48 ms, found 0 plugins.
Preloading 0 native plugins for Editor in 0.00 ms.
Invoked RoslynAnalysisRunner static constructor.
RoslynAnalysisRunner will not be running.
RoslynAnalysisRunner has terminated.
Mono: successfully reloaded assembly
- Completed reload, in  1.058 seconds
Platform modules already initialized, skipping
Refreshing native plugins compatible for Editor in 0.51 ms, found 0 plugins.
Preloading 0 native plugins for Editor in 0.00 ms.
Unloading 1395 Unused Serialized files (Serialized files now loaded: 0)
System memory in use before: 68.5 MB.
System memory in use after: 68.6 MB.

Unloading 24 unused Assets to reduce memory usage. Loaded Objects now: 1878.
Total: 2.396000 ms (FindLiveObjects: 0.217000 ms CreateObjectMapping: 0.088500 ms MarkObjects: 2.053200 ms  DeleteObjects: 0.035200 ms)

========================================================================
Received Prepare
Registering precompiled user dll's ...
Registered in 0.004358 seconds.
Begin MonoManager ReloadAssembly
Native extension for WindowsStandalone target not found
Native extension for WebGL target not found
Refreshing native plugins compatible for Editor in 0.79 ms, found 0 plugins.
Preloading 0 native plugins for Editor in 0.00 ms.
Invoked RoslynAnalysisRunner static constructor.
RoslynAnalysisRunner will not be running.
RoslynAnalysisRunner has terminated.
Mono: successfully reloaded assembly
- Completed reload, in  1.006 seconds
Platform modules already initialized, skipping
Refreshing native plugins compatible for Editor in 0.54 ms, found 0 plugins.
Preloading 0 native plugins for Editor in 0.00 ms.
Unloading 1395 Unused Serialized files (Serialized files now loaded: 0)
System memory in use before: 68.5 MB.
System memory in use after: 68.6 MB.

Unloading 24 unused Assets to reduce memory usage. Loaded Objects now: 1881.
Total: 2.345700 ms (FindLiveObjects: 0.212200 ms CreateObjectMapping: 0.075800 ms MarkObjects: 2.019600 ms  DeleteObjects: 0.036200 ms)

========================================================================
Received Prepare
Registering precompiled user dll's ...
Registered in 0.003196 seconds.
Begin MonoManager ReloadAssembly
Native extension for WindowsStandalone target not found
Native extension for WebGL target not found
Refreshing native plugins compatible for Editor in 0.53 ms, found 0 plugins.
Preloading 0 native plugins for Editor in 0.00 ms.
Invoked RoslynAnalysisRunner static constructor.
RoslynAnalysisRunner will not be running.
RoslynAnalysisRunner has terminated.
Mono: successfully reloaded assembly
- Completed reload, in  1.054 seconds
Platform modules already initialized, skipping
Refreshing native plugins compatible for Editor in 0.80 ms, found 0 plugins.
Preloading 0 native plugins for Editor in 0.00 ms.
Unloading 1395 Unused Serialized files (Serialized files now loaded: 0)
System memory in use before: 68.5 MB.
System memory in use after: 68.6 MB.

Unloading 24 unused Assets to reduce memory usage. Loaded Objects now: 1884.
Total: 2.467700 ms (FindLiveObjects: 0.283900 ms CreateObjectMapping: 0.123600 ms MarkObjects: 2.029700 ms  DeleteObjects: 0.029000 ms)

========================================================================
Received Prepare
Registering precompiled user dll's ...
Registered in 0.006327 seconds.
Begin MonoManager ReloadAssembly
Native extension for WindowsStandalone target not found
Native extension for WebGL target not found
Refreshing native plugins compatible for Editor in 0.48 ms, found 0 plugins.
Preloading 0 native plugins for Editor in 0.00 ms.
Invoked RoslynAnalysisRunner static constructor.
RoslynAnalysisRunner will not be running.
RoslynAnalysisRunner has terminated.
Mono: successfully reloaded assembly
- Completed reload, in  1.021 seconds
Platform modules already initialized, skipping
Refreshing native plugins compatible for Editor in 0.79 ms, found 0 plugins.
Preloading 0 native plugins for Editor in 0.00 ms.
Unloading 1395 Unused Serialized files (Serialized files now loaded: 0)
System memory in use before: 68.5 MB.
System memory in use after: 68.6 MB.

Unloading 24 unused Assets to reduce memory usage. Loaded Objects now: 1887.
Total: 2.310100 ms (FindLiveObjects: 0.204500 ms CreateObjectMapping: 0.071300 ms MarkObjects: 1.993300 ms  DeleteObjects: 0.038900 ms)

========================================================================
Received Import Request.
  Time since last request: 526.105755 seconds.
  path: Assets/Scenes
  artifactKey: Guid(cdb1b1ee0f9ce55429368706bff505f5) Importer(815301076,1909f56bfc062723c751e8b465ee728b)
Start importing Assets/Scenes using Guid(cdb1b1ee0f9ce55429368706bff505f5) Importer(815301076,1909f56bfc062723c751e8b465ee728b)  -> (artifact id: 'd3c164e630d87eed3f04b40c5264e529') in 0.019506 seconds
  Import took 0.024686 seconds .

========================================================================
Received Prepare
Registering precompiled user dll's ...
Registered in 0.002550 seconds.
Begin MonoManager ReloadAssembly
Native extension for WindowsStandalone target not found
Native extension for WebGL target not found
Refreshing native plugins compatible for Editor in 0.87 ms, found 0 plugins.
Preloading 0 native plugins for Editor in 0.00 ms.
Invoked RoslynAnalysisRunner static constructor.
RoslynAnalysisRunner will not be running.
RoslynAnalysisRunner has terminated.
Mono: successfully reloaded assembly
- Completed reload, in  1.960 seconds
Platform modules already initialized, skipping
Refreshing native plugins compatible for Editor in 1.34 ms, found 0 plugins.
Preloading 0 native plugins for Editor in 0.00 ms.
Unloading 1395 Unused Serialized files (Serialized files now loaded: 0)
System memory in use before: 68.5 MB.
System memory in use after: 68.6 MB.

Unloading 24 unused Assets to reduce memory usage. Loaded Objects now: 1890.
Total: 3.486400 ms (FindLiveObjects: 0.274000 ms CreateObjectMapping: 0.093900 ms MarkObjects: 3.071600 ms  DeleteObjects: 0.044600 ms)

========================================================================
Received Import Request.
  Time since last request: 7.888390 seconds.
  path: Assets/Scenes/Menu.unity
  artifactKey: Guid(bb4dea83b33bcb34bb1279b095ab44ad) Importer(815301076,1909f56bfc062723c751e8b465ee728b)
Start importing Assets/Scenes/Menu.unity using Guid(bb4dea83b33bcb34bb1279b095ab44ad) Importer(815301076,1909f56bfc062723c751e8b465ee728b)  -> (artifact id: '213f5667b06ecf2cf2caaa445444c23c') in 0.030692 seconds
  Import took 0.048642 seconds .

========================================================================
Received Prepare
Registering precompiled user dll's ...
Registered in 0.005584 seconds.
Begin MonoManager ReloadAssembly
Native extension for WindowsStandalone target not found
Native extension for WebGL target not found
Refreshing native plugins compatible for Editor in 0.69 ms, found 0 plugins.
Preloading 0 native plugins for Editor in 0.00 ms.
Invoked RoslynAnalysisRunner static constructor.
RoslynAnalysisRunner will not be running.
RoslynAnalysisRunner has terminated.
Mono: successfully reloaded assembly
- Completed reload, in  1.046 seconds
Platform modules already initialized, skipping
Refreshing native plugins compatible for Editor in 0.77 ms, found 0 plugins.
Preloading 0 native plugins for Editor in 0.00 ms.
Unloading 1395 Unused Serialized files (Serialized files now loaded: 0)
System memory in use before: 68.5 MB.
System memory in use after: 68.6 MB.

Unloading 24 unused Assets to reduce memory usage. Loaded Objects now: 1893.
Total: 3.075300 ms (FindLiveObjects: 0.255400 ms CreateObjectMapping: 0.084300 ms MarkObjects: 2.698200 ms  DeleteObjects: 0.035600 ms)

========================================================================
Received Prepare
Registering precompiled user dll's ...
Registered in 0.002811 seconds.
Begin MonoManager ReloadAssembly
Native extension for WindowsStandalone target not found
Native extension for WebGL target not found
Refreshing native plugins compatible for Editor in 0.46 ms, found 0 plugins.
Preloading 0 native plugins for Editor in 0.00 ms.
Invoked RoslynAnalysisRunner static constructor.
RoslynAnalysisRunner will not be running.
RoslynAnalysisRunner has terminated.
Mono: successfully reloaded assembly
- Completed reload, in  1.099 seconds
Platform modules already initialized, skipping
Refreshing native plugins compatible for Editor in 0.53 ms, found 0 plugins.
Preloading 0 native plugins for Editor in 0.00 ms.
Unloading 1395 Unused Serialized files (Serialized files now loaded: 0)
System memory in use before: 68.5 MB.
System memory in use after: 68.6 MB.

Unloading 24 unused Assets to reduce memory usage. Loaded Objects now: 1896.
Total: 3.547000 ms (FindLiveObjects: 0.364700 ms CreateObjectMapping: 0.302200 ms MarkObjects: 2.843900 ms  DeleteObjects: 0.034100 ms)

========================================================================
Received Prepare
Registering precompiled user dll's ...
Registered in 0.003544 seconds.
Begin MonoManager ReloadAssembly
Native extension for WindowsStandalone target not found
Native extension for WebGL target not found
Refreshing native plugins compatible for Editor in 0.47 ms, found 0 plugins.
Preloading 0 native plugins for Editor in 0.00 ms.
Invoked RoslynAnalysisRunner static constructor.
RoslynAnalysisRunner will not be running.
RoslynAnalysisRunner has terminated.
Mono: successfully reloaded assembly
- Completed reload, in  1.005 seconds
Platform modules already initialized, skipping
Refreshing native plugins compatible for Editor in 0.77 ms, found 0 plugins.
Preloading 0 native plugins for Editor in 0.00 ms.
Unloading 1395 Unused Serialized files (Serialized files now loaded: 0)
System memory in use before: 68.5 MB.
System memory in use after: 68.6 MB.

Unloading 24 unused Assets to reduce memory usage. Loaded Objects now: 1899.
Total: 3.158400 ms (FindLiveObjects: 0.267100 ms CreateObjectMapping: 0.091800 ms MarkObjects: 2.742500 ms  DeleteObjects: 0.054400 ms)

========================================================================
Received Prepare
Registering precompiled user dll's ...
Registered in 0.002794 seconds.
Begin MonoManager ReloadAssembly
Native extension for WindowsStandalone target not found
Native extension for WebGL target not found
Refreshing native plugins compatible for Editor in 0.83 ms, found 0 plugins.
Preloading 0 native plugins for Editor in 0.00 ms.
Invoked RoslynAnalysisRunner static constructor.
RoslynAnalysisRunner will not be running.
RoslynAnalysisRunner has terminated.
Mono: successfully reloaded assembly
- Completed reload, in  1.031 seconds
Platform modules already initialized, skipping
Refreshing native plugins compatible for Editor in 0.77 ms, found 0 plugins.
Preloading 0 native plugins for Editor in 0.00 ms.
Unloading 1395 Unused Serialized files (Serialized files now loaded: 0)
System memory in use before: 68.5 MB.
System memory in use after: 68.6 MB.

Unloading 24 unused Assets to reduce memory usage. Loaded Objects now: 1902.
Total: 2.961200 ms (FindLiveObjects: 0.251400 ms CreateObjectMapping: 0.086700 ms MarkObjects: 2.572000 ms  DeleteObjects: 0.048600 ms)

========================================================================
Received Prepare
Registering precompiled user dll's ...
Registered in 0.002851 seconds.
Begin MonoManager ReloadAssembly
Native extension for WindowsStandalone target not found
Native extension for WebGL target not found
Refreshing native plugins compatible for Editor in 0.45 ms, found 0 plugins.
Preloading 0 native plugins for Editor in 0.00 ms.
Invoked RoslynAnalysisRunner static constructor.
RoslynAnalysisRunner will not be running.
RoslynAnalysisRunner has terminated.
Mono: successfully reloaded assembly
- Completed reload, in  1.054 seconds
Platform modules already initialized, skipping
Refreshing native plugins compatible for Editor in 0.80 ms, found 0 plugins.
Preloading 0 native plugins for Editor in 0.00 ms.
Unloading 1395 Unused Serialized files (Serialized files now loaded: 0)
System memory in use before: 68.5 MB.
System memory in use after: 68.6 MB.

Unloading 24 unused Assets to reduce memory usage. Loaded Objects now: 1905.
Total: 2.449900 ms (FindLiveObjects: 0.244400 ms CreateObjectMapping: 0.074100 ms MarkObjects: 2.095500 ms  DeleteObjects: 0.034100 ms)

========================================================================
Received Prepare
Registering precompiled user dll's ...
Registered in 0.005371 seconds.
Begin MonoManager ReloadAssembly
Native extension for WindowsStandalone target not found
Native extension for WebGL target not found
Refreshing native plugins compatible for Editor in 0.54 ms, found 0 plugins.
Preloading 0 native plugins for Editor in 0.00 ms.
Invoked RoslynAnalysisRunner static constructor.
RoslynAnalysisRunner will not be running.
RoslynAnalysisRunner has terminated.
Mono: successfully reloaded assembly
- Completed reload, in  1.918 seconds
Platform modules already initialized, skipping
Refreshing native plugins compatible for Editor in 0.88 ms, found 0 plugins.
Preloading 0 native plugins for Editor in 0.00 ms.
Unloading 1395 Unused Serialized files (Serialized files now loaded: 0)
System memory in use before: 68.5 MB.
System memory in use after: 68.6 MB.

Unloading 24 unused Assets to reduce memory usage. Loaded Objects now: 1908.
Total: 3.654600 ms (FindLiveObjects: 0.261900 ms CreateObjectMapping: 0.092200 ms MarkObjects: 3.251900 ms  DeleteObjects: 0.045900 ms)

========================================================================
Received Import Request.
  Time since last request: 774.862848 seconds.
  path: Assets/Scenes/Main.unity
  artifactKey: Guid(2cda990e2423bbf4892e6590ba056729) Importer(815301076,1909f56bfc062723c751e8b465ee728b)
Start importing Assets/Scenes/Main.unity using Guid(2cda990e2423bbf4892e6590ba056729) Importer(815301076,1909f56bfc062723c751e8b465ee728b)  -> (artifact id: '6547f5b88cb2037a2262dec683922852') in 0.033655 seconds
  Import took 0.059514 seconds .

========================================================================
Received Import Request.
  Time since last request: 189.055837 seconds.
  path: Assets/Images/assets/oli.png
  artifactKey: Guid(3132362175e28cd43a89955f7ae9ca02) Importer(815301076,1909f56bfc062723c751e8b465ee728b)
Start importing Assets/Images/assets/oli.png using Guid(3132362175e28cd43a89955f7ae9ca02) Importer(815301076,1909f56bfc062723c751e8b465ee728b)  -> (artifact id: 'da9ddb011b3652d94dfad1da0459300c') in 0.109850 seconds
  Import took 0.142415 seconds .

========================================================================
Received Import Request.
  Time since last request: 0.010948 seconds.
  path: Assets/Images/assets/oli.png
  artifactKey: Guid(3132362175e28cd43a89955f7ae9ca02) Importer(815301076,1909f56bfc062723c751e8b465ee728b)
Start importing Assets/Images/assets/oli.png using Guid(3132362175e28cd43a89955f7ae9ca02) Importer(815301076,1909f56bfc062723c751e8b465ee728b)  -> (artifact id: 'da9ddb011b3652d94dfad1da0459300c') in 0.035531 seconds
  Import took 0.043245 seconds .

========================================================================
Received Prepare
Registering precompiled user dll's ...
Registered in 0.003212 seconds.
Begin MonoManager ReloadAssembly
Native extension for WindowsStandalone target not found
Native extension for WebGL target not found
Refreshing native plugins compatible for Editor in 0.50 ms, found 0 plugins.
Preloading 0 native plugins for Editor in 0.00 ms.
Invoked RoslynAnalysisRunner static constructor.
RoslynAnalysisRunner will not be running.
RoslynAnalysisRunner has terminated.
Mono: successfully reloaded assembly
- Completed reload, in  0.992 seconds
Platform modules already initialized, skipping
Refreshing native plugins compatible for Editor in 0.53 ms, found 0 plugins.
Preloading 0 native plugins for Editor in 0.00 ms.
Unloading 1395 Unused Serialized files (Serialized files now loaded: 0)
System memory in use before: 68.5 MB.
System memory in use after: 68.6 MB.

Unloading 24 unused Assets to reduce memory usage. Loaded Objects now: 1914.
Total: 3.127700 ms (FindLiveObjects: 0.346800 ms CreateObjectMapping: 0.110500 ms MarkObjects: 2.633000 ms  DeleteObjects: 0.035200 ms)

========================================================================
Received Prepare
Registering precompiled user dll's ...
Registered in 0.002983 seconds.
Begin MonoManager ReloadAssembly
Native extension for WindowsStandalone target not found
Native extension for WebGL target not found
Refreshing native plugins compatible for Editor in 0.47 ms, found 0 plugins.
Preloading 0 native plugins for Editor in 0.00 ms.
Invoked RoslynAnalysisRunner static constructor.
RoslynAnalysisRunner will not be running.
RoslynAnalysisRunner has terminated.
Mono: successfully reloaded assembly
- Completed reload, in  1.039 seconds
Platform modules already initialized, skipping
Refreshing native plugins compatible for Editor in 0.54 ms, found 0 plugins.
Preloading 0 native plugins for Editor in 0.00 ms.
Unloading 1395 Unused Serialized files (Serialized files now loaded: 0)
System memory in use before: 68.6 MB.
System memory in use after: 68.7 MB.

Unloading 24 unused Assets to reduce memory usage. Loaded Objects now: 1917.
Total: 2.398700 ms (FindLiveObjects: 0.259100 ms CreateObjectMapping: 0.080700 ms MarkObjects: 2.020800 ms  DeleteObjects: 0.036300 ms)

========================================================================
Received Prepare
Registering precompiled user dll's ...
Registered in 0.004011 seconds.
Begin MonoManager ReloadAssembly
Native extension for WindowsStandalone target not found
Native extension for WebGL target not found
Refreshing native plugins compatible for Editor in 0.46 ms, found 0 plugins.
Preloading 0 native plugins for Editor in 0.00 ms.
Invoked RoslynAnalysisRunner static constructor.
RoslynAnalysisRunner will not be running.
RoslynAnalysisRunner has terminated.
Mono: successfully reloaded assembly
- Completed reload, in  1.146 seconds
Platform modules already initialized, skipping
Refreshing native plugins compatible for Editor in 0.49 ms, found 0 plugins.
Preloading 0 native plugins for Editor in 0.00 ms.
Unloading 1395 Unused Serialized files (Serialized files now loaded: 0)
System memory in use before: 68.6 MB.
System memory in use after: 68.7 MB.

Unloading 24 unused Assets to reduce memory usage. Loaded Objects now: 1920.
Total: 2.208100 ms (FindLiveObjects: 0.201500 ms CreateObjectMapping: 0.071700 ms MarkObjects: 1.907100 ms  DeleteObjects: 0.026400 ms)

========================================================================
Received Prepare
Registering precompiled user dll's ...
Registered in 0.004339 seconds.
Begin MonoManager ReloadAssembly
Native extension for WindowsStandalone target not found
Native extension for WebGL target not found
Refreshing native plugins compatible for Editor in 0.46 ms, found 0 plugins.
Preloading 0 native plugins for Editor in 0.00 ms.
Invoked RoslynAnalysisRunner static constructor.
RoslynAnalysisRunner will not be running.
RoslynAnalysisRunner has terminated.
Mono: successfully reloaded assembly
- Completed reload, in  1.110 seconds
Platform modules already initialized, skipping
Refreshing native plugins compatible for Editor in 0.55 ms, found 0 plugins.
Preloading 0 native plugins for Editor in 0.00 ms.
Unloading 1395 Unused Serialized files (Serialized files now loaded: 0)
System memory in use before: 68.6 MB.
System memory in use after: 68.7 MB.

Unloading 24 unused Assets to reduce memory usage. Loaded Objects now: 1923.
Total: 2.820400 ms (FindLiveObjects: 0.216900 ms CreateObjectMapping: 0.073700 ms MarkObjects: 2.490100 ms  DeleteObjects: 0.038000 ms)

========================================================================
Received Prepare
Registering precompiled user dll's ...
Registered in 0.003124 seconds.
Begin MonoManager ReloadAssembly
Native extension for WindowsStandalone target not found
Native extension for WebGL target not found
Refreshing native plugins compatible for Editor in 0.51 ms, found 0 plugins.
Preloading 0 native plugins for Editor in 0.00 ms.
Invoked RoslynAnalysisRunner static constructor.
RoslynAnalysisRunner will not be running.
RoslynAnalysisRunner has terminated.
Mono: successfully reloaded assembly
- Completed reload, in  1.000 seconds
Platform modules already initialized, skipping
Refreshing native plugins compatible for Editor in 0.66 ms, found 0 plugins.
Preloading 0 native plugins for Editor in 0.00 ms.
Unloading 1395 Unused Serialized files (Serialized files now loaded: 0)
System memory in use before: 68.6 MB.
System memory in use after: 68.7 MB.

Unloading 24 unused Assets to reduce memory usage. Loaded Objects now: 1926.
Total: 2.786900 ms (FindLiveObjects: 0.307800 ms CreateObjectMapping: 0.109900 ms MarkObjects: 2.337000 ms  DeleteObjects: 0.030600 ms)

========================================================================
Received Prepare
Registering precompiled user dll's ...
Registered in 0.004472 seconds.
Begin MonoManager ReloadAssembly
Native extension for WindowsStandalone target not found
Native extension for WebGL target not found
Refreshing native plugins compatible for Editor in 0.46 ms, found 0 plugins.
Preloading 0 native plugins for Editor in 0.00 ms.
Invoked RoslynAnalysisRunner static constructor.
RoslynAnalysisRunner will not be running.
RoslynAnalysisRunner has terminated.
Mono: successfully reloaded assembly
- Completed reload, in  0.929 seconds
Platform modules already initialized, skipping
Refreshing native plugins compatible for Editor in 0.68 ms, found 0 plugins.
Preloading 0 native plugins for Editor in 0.00 ms.
Unloading 1395 Unused Serialized files (Serialized files now loaded: 0)
System memory in use before: 68.6 MB.
System memory in use after: 68.7 MB.

Unloading 24 unused Assets to reduce memory usage. Loaded Objects now: 1929.
Total: 4.323200 ms (FindLiveObjects: 0.460400 ms CreateObjectMapping: 0.159000 ms MarkObjects: 3.657000 ms  DeleteObjects: 0.044200 ms)

========================================================================
Received Import Request.
  Time since last request: 1198.673795 seconds.
  path: Assets/Images/assets/gawang.png
  artifactKey: Guid(7d9830c8c8761f4498073190154aeade) Importer(815301076,1909f56bfc062723c751e8b465ee728b)
Start importing Assets/Images/assets/gawang.png using Guid(7d9830c8c8761f4498073190154aeade) Importer(815301076,1909f56bfc062723c751e8b465ee728b)  -> (artifact id: 'b2eb9ea49eb997bec0aefd29f78df93e') in 0.078326 seconds
  Import took 0.093106 seconds .

========================================================================
Received Prepare
Registering precompiled user dll's ...
Registered in 0.186849 seconds.
Begin MonoManager ReloadAssembly
Native extension for WindowsStandalone target not found
Native extension for WebGL target not found
Refreshing native plugins compatible for Editor in 2.13 ms, found 0 plugins.
Preloading 0 native plugins for Editor in 0.00 ms.
Invoked RoslynAnalysisRunner static constructor.
RoslynAnalysisRunner will not be running.
RoslynAnalysisRunner has terminated.
Mono: successfully reloaded assembly
- Completed reload, in  4.665 seconds
Platform modules already initialized, skipping
Refreshing native plugins compatible for Editor in 1.12 ms, found 0 plugins.
Preloading 0 native plugins for Editor in 0.00 ms.
Unloading 1395 Unused Serialized files (Serialized files now loaded: 0)
System memory in use before: 68.6 MB.
System memory in use after: 68.7 MB.

Unloading 24 unused Assets to reduce memory usage. Loaded Objects now: 1935.
Total: 11.154700 ms (FindLiveObjects: 1.603100 ms CreateObjectMapping: 0.658200 ms MarkObjects: 8.732000 ms  DeleteObjects: 0.150900 ms)

========================================================================
Received Prepare
Registering precompiled user dll's ...
Registered in 0.002447 seconds.
Begin MonoManager ReloadAssembly
Native extension for WindowsStandalone target not found
Native extension for WebGL target not found
Refreshing native plugins compatible for Editor in 0.44 ms, found 0 plugins.
Preloading 0 native plugins for Editor in 0.00 ms.
Invoked RoslynAnalysisRunner static constructor.
RoslynAnalysisRunner will not be running.
RoslynAnalysisRunner has terminated.
Mono: successfully reloaded assembly
- Completed reload, in  1.055 seconds
Platform modules already initialized, skipping
Refreshing native plugins compatible for Editor in 0.47 ms, found 0 plugins.
Preloading 0 native plugins for Editor in 0.00 ms.
Unloading 1395 Unused Serialized files (Serialized files now loaded: 0)
System memory in use before: 68.6 MB.
System memory in use after: 68.7 MB.

Unloading 24 unused Assets to reduce memory usage. Loaded Objects now: 1938.
Total: 2.899300 ms (FindLiveObjects: 0.244100 ms CreateObjectMapping: 0.087400 ms MarkObjects: 2.535300 ms  DeleteObjects: 0.030800 ms)

========================================================================
Received Prepare
Registering precompiled user dll's ...
Registered in 0.018648 seconds.
Begin MonoManager ReloadAssembly
Native extension for WindowsStandalone target not found
Native extension for WebGL target not found
Refreshing native plugins compatible for Editor in 0.60 ms, found 0 plugins.
Preloading 0 native plugins for Editor in 0.00 ms.
Invoked RoslynAnalysisRunner static constructor.
RoslynAnalysisRunner will not be running.
RoslynAnalysisRunner has terminated.
Mono: successfully reloaded assembly
- Completed reload, in  1.317 seconds
Platform modules already initialized, skipping
Refreshing native plugins compatible for Editor in 0.44 ms, found 0 plugins.
Preloading 0 native plugins for Editor in 0.00 ms.
Unloading 1395 Unused Serialized files (Serialized files now loaded: 0)
System memory in use before: 68.6 MB.
System memory in use after: 68.7 MB.

Unloading 24 unused Assets to reduce memory usage. Loaded Objects now: 1941.
Total: 1.902700 ms (FindLiveObjects: 0.162200 ms CreateObjectMapping: 0.050600 ms MarkObjects: 1.663500 ms  DeleteObjects: 0.024800 ms)

========================================================================
Received Prepare
Registering precompiled user dll's ...
Registered in 0.002463 seconds.
Begin MonoManager ReloadAssembly
Native extension for WindowsStandalone target not found
Native extension for WebGL target not found
Refreshing native plugins compatible for Editor in 0.72 ms, found 0 plugins.
Preloading 0 native plugins for Editor in 0.00 ms.
Invoked RoslynAnalysisRunner static constructor.
RoslynAnalysisRunner will not be running.
RoslynAnalysisRunner has terminated.
Mono: successfully reloaded assembly
- Completed reload, in  1.114 seconds
Platform modules already initialized, skipping
Refreshing native plugins compatible for Editor in 0.48 ms, found 0 plugins.
Preloading 0 native plugins for Editor in 0.00 ms.
Unloading 1395 Unused Serialized files (Serialized files now loaded: 0)
System memory in use before: 68.6 MB.
System memory in use after: 68.7 MB.

Unloading 24 unused Assets to reduce memory usage. Loaded Objects now: 1944.
Total: 1.990300 ms (FindLiveObjects: 0.206200 ms CreateObjectMapping: 0.067100 ms MarkObjects: 1.686400 ms  DeleteObjects: 0.028900 ms)

========================================================================
Received Prepare
Registering precompiled user dll's ...
Registered in 0.002362 seconds.
Begin MonoManager ReloadAssembly
Native extension for WindowsStandalone target not found
Native extension for WebGL target not found
Refreshing native plugins compatible for Editor in 0.45 ms, found 0 plugins.
Preloading 0 native plugins for Editor in 0.00 ms.
Invoked RoslynAnalysisRunner static constructor.
RoslynAnalysisRunner will not be running.
RoslynAnalysisRunner has terminated.
Mono: successfully reloaded assembly
- Completed reload, in  0.910 seconds
Platform modules already initialized, skipping
Refreshing native plugins compatible for Editor in 0.45 ms, found 0 plugins.
Preloading 0 native plugins for Editor in 0.00 ms.
Unloading 1395 Unused Serialized files (Serialized files now loaded: 0)
System memory in use before: 68.6 MB.
System memory in use after: 68.7 MB.

Unloading 24 unused Assets to reduce memory usage. Loaded Objects now: 1947.
Total: 2.139600 ms (FindLiveObjects: 0.190800 ms CreateObjectMapping: 0.057300 ms MarkObjects: 1.868000 ms  DeleteObjects: 0.022000 ms)

========================================================================
Received Import Request.
  Time since last request: 1245.023828 seconds.
  path: Assets/Scripts/BulanController.cs
  artifactKey: Guid(35ff9f895aadf5c4a836a048413a1877) Importer(815301076,1909f56bfc062723c751e8b465ee728b)
Start importing Assets/Scripts/BulanController.cs using Guid(35ff9f895aadf5c4a836a048413a1877) Importer(815301076,1909f56bfc062723c751e8b465ee728b)  -> (artifact id: 'f1245056bc9f067acba9d101803f900c') in 0.123465 seconds
  Import took 0.141295 seconds .

========================================================================
Received Import Request.
  Time since last request: 27.385579 seconds.
  path: Assets/Scripts/StarController.cs
  artifactKey: Guid(ac897732ea741c745a9e061a68517fcd) Importer(815301076,1909f56bfc062723c751e8b465ee728b)
Start importing Assets/Scripts/StarController.cs using Guid(ac897732ea741c745a9e061a68517fcd) Importer(815301076,1909f56bfc062723c751e8b465ee728b)  -> (artifact id: 'eb331504208a2d53948d5543d38adacd') in 0.013185 seconds
  Import took 0.030433 seconds .

========================================================================
Received Prepare
Registering precompiled user dll's ...
Registered in 0.002496 seconds.
Begin MonoManager ReloadAssembly
Native extension for WindowsStandalone target not found
Native extension for WebGL target not found
Refreshing native plugins compatible for Editor in 0.45 ms, found 0 plugins.
Preloading 0 native plugins for Editor in 0.00 ms.
Invoked RoslynAnalysisRunner static constructor.
RoslynAnalysisRunner will not be running.
RoslynAnalysisRunner has terminated.
Mono: successfully reloaded assembly
- Completed reload, in  8.636 seconds
Platform modules already initialized, skipping
Refreshing native plugins compatible for Editor in 2.44 ms, found 0 plugins.
Preloading 0 native plugins for Editor in 0.00 ms.
Unloading 1395 Unused Serialized files (Serialized files now loaded: 0)
System memory in use before: 68.6 MB.
System memory in use after: 68.7 MB.

Unloading 24 unused Assets to reduce memory usage. Loaded Objects now: 1950.
Total: 37.999100 ms (FindLiveObjects: 0.354700 ms CreateObjectMapping: 0.205400 ms MarkObjects: 37.406700 ms  DeleteObjects: 0.029500 ms)

========================================================================
Received Import Request.
  Time since last request: 407.361561 seconds.
  path: Assets/Scripts/PaddleController.cs
  artifactKey: Guid(3cfe015787ab4234781d7465bcaaff64) Importer(815301076,1909f56bfc062723c751e8b465ee728b)
Start importing Assets/Scripts/PaddleController.cs using Guid(3cfe015787ab4234781d7465bcaaff64) Importer(815301076,1909f56bfc062723c751e8b465ee728b)  -> (artifact id: '3a6665a27e3211586ca7a6f7c2828771') in 0.256392 seconds
  Import took 0.322670 seconds .

========================================================================
Received Prepare
Registering precompiled user dll's ...
Registered in 0.002436 seconds.
Begin MonoManager ReloadAssembly
Native extension for WindowsStandalone target not found
Native extension for WebGL target not found
Refreshing native plugins compatible for Editor in 0.81 ms, found 0 plugins.
Preloading 0 native plugins for Editor in 0.00 ms.
Invoked RoslynAnalysisRunner static constructor.
RoslynAnalysisRunner will not be running.
RoslynAnalysisRunner has terminated.
Mono: successfully reloaded assembly
- Completed reload, in  2.348 seconds
Platform modules already initialized, skipping
Refreshing native plugins compatible for Editor in 0.47 ms, found 0 plugins.
Preloading 0 native plugins for Editor in 0.00 ms.
Unloading 1395 Unused Serialized files (Serialized files now loaded: 0)
System memory in use before: 68.6 MB.
System memory in use after: 68.7 MB.

Unloading 24 unused Assets to reduce memory usage. Loaded Objects now: 1953.
Total: 2.757100 ms (FindLiveObjects: 0.275500 ms CreateObjectMapping: 0.299800 ms MarkObjects: 2.153800 ms  DeleteObjects: 0.026500 ms)

========================================================================
Received Prepare
Registering precompiled user dll's ...
Registered in 0.004212 seconds.
Begin MonoManager ReloadAssembly
Native extension for WindowsStandalone target not found
Native extension for WebGL target not found
Refreshing native plugins compatible for Editor in 0.53 ms, found 0 plugins.
Preloading 0 native plugins for Editor in 0.00 ms.
Invoked RoslynAnalysisRunner static constructor.
RoslynAnalysisRunner will not be running.
RoslynAnalysisRunner has terminated.
Mono: successfully reloaded assembly
- Completed reload, in  0.904 seconds
Platform modules already initialized, skipping
Refreshing native plugins compatible for Editor in 0.43 ms, found 0 plugins.
Preloading 0 native plugins for Editor in 0.00 ms.
Unloading 1395 Unused Serialized files (Serialized files now loaded: 0)
System memory in use before: 68.6 MB.
System memory in use after: 68.7 MB.

Unloading 24 unused Assets to reduce memory usage. Loaded Objects now: 1956.
Total: 1.851700 ms (FindLiveObjects: 0.159300 ms CreateObjectMapping: 0.049300 ms MarkObjects: 1.617600 ms  DeleteObjects: 0.024200 ms)

========================================================================
Received Prepare
Registering precompiled user dll's ...
Registered in 0.002541 seconds.
Begin MonoManager ReloadAssembly
Native extension for WindowsStandalone target not found
Native extension for WebGL target not found
Refreshing native plugins compatible for Editor in 0.42 ms, found 0 plugins.
Preloading 0 native plugins for Editor in 0.00 ms.
Invoked RoslynAnalysisRunner static constructor.
RoslynAnalysisRunner will not be running.
RoslynAnalysisRunner has terminated.
Mono: successfully reloaded assembly
- Completed reload, in  0.919 seconds
Platform modules already initialized, skipping
Refreshing native plugins compatible for Editor in 0.44 ms, found 0 plugins.
Preloading 0 native plugins for Editor in 0.00 ms.
Unloading 1395 Unused Serialized files (Serialized files now loaded: 0)
System memory in use before: 68.7 MB.
System memory in use after: 68.8 MB.

Unloading 24 unused Assets to reduce memory usage. Loaded Objects now: 1959.
Total: 2.526200 ms (FindLiveObjects: 0.188400 ms CreateObjectMapping: 0.053700 ms MarkObjects: 2.256600 ms  DeleteObjects: 0.023900 ms)

========================================================================
Received Prepare
Registering precompiled user dll's ...
Registered in 0.004615 seconds.
Begin MonoManager ReloadAssembly
Native extension for WindowsStandalone target not found
Native extension for WebGL target not found
Refreshing native plugins compatible for Editor in 0.44 ms, found 0 plugins.
Preloading 0 native plugins for Editor in 0.00 ms.
Invoked RoslynAnalysisRunner static constructor.
RoslynAnalysisRunner will not be running.
RoslynAnalysisRunner has terminated.
Mono: successfully reloaded assembly
- Completed reload, in  0.936 seconds
Platform modules already initialized, skipping
Refreshing native plugins compatible for Editor in 0.43 ms, found 0 plugins.
Preloading 0 native plugins for Editor in 0.00 ms.
Unloading 1395 Unused Serialized files (Serialized files now loaded: 0)
System memory in use before: 68.7 MB.
System memory in use after: 68.8 MB.

Unloading 24 unused Assets to reduce memory usage. Loaded Objects now: 1962.
Total: 2.545600 ms (FindLiveObjects: 0.348700 ms CreateObjectMapping: 0.124700 ms MarkObjects: 2.044400 ms  DeleteObjects: 0.026600 ms)

========================================================================
Received Import Request.
  Time since last request: 311.056911 seconds.
  path: Assets/Scripts/BulanController.cs
  artifactKey: Guid(35ff9f895aadf5c4a836a048413a1877) Importer(815301076,1909f56bfc062723c751e8b465ee728b)
Start importing Assets/Scripts/BulanController.cs using Guid(35ff9f895aadf5c4a836a048413a1877) Importer(815301076,1909f56bfc062723c751e8b465ee728b)  -> (artifact id: '2defc5af0ed5621467e36e0638bd87f5') in 0.005476 seconds
  Import took 0.046819 seconds .

========================================================================
Received Prepare
Registering precompiled user dll's ...
Registered in 0.002443 seconds.
Begin MonoManager ReloadAssembly
Native extension for WindowsStandalone target not found
Native extension for WebGL target not found
Refreshing native plugins compatible for Editor in 0.43 ms, found 0 plugins.
Preloading 0 native plugins for Editor in 0.00 ms.
Invoked RoslynAnalysisRunner static constructor.
RoslynAnalysisRunner will not be running.
RoslynAnalysisRunner has terminated.
Mono: successfully reloaded assembly
- Completed reload, in  1.786 seconds
Platform modules already initialized, skipping
Refreshing native plugins compatible for Editor in 0.46 ms, found 0 plugins.
Preloading 0 native plugins for Editor in 0.00 ms.
Unloading 1395 Unused Serialized files (Serialized files now loaded: 0)
System memory in use before: 68.7 MB.
System memory in use after: 68.8 MB.

Unloading 24 unused Assets to reduce memory usage. Loaded Objects now: 1965.
Total: 2.056900 ms (FindLiveObjects: 0.160800 ms CreateObjectMapping: 0.047800 ms MarkObjects: 1.822600 ms  DeleteObjects: 0.024400 ms)

========================================================================
Received Prepare
Registering precompiled user dll's ...
Registered in 0.002479 seconds.
Begin MonoManager ReloadAssembly
Native extension for WindowsStandalone target not found
Native extension for WebGL target not found
Refreshing native plugins compatible for Editor in 0.45 ms, found 0 plugins.
Preloading 0 native plugins for Editor in 0.00 ms.
Invoked RoslynAnalysisRunner static constructor.
RoslynAnalysisRunner will not be running.
RoslynAnalysisRunner has terminated.
Mono: successfully reloaded assembly
- Completed reload, in  1.161 seconds
Platform modules already initialized, skipping
Refreshing native plugins compatible for Editor in 0.68 ms, found 0 plugins.
Preloading 0 native plugins for Editor in 0.00 ms.
Unloading 1395 Unused Serialized files (Serialized files now loaded: 0)
System memory in use before: 68.7 MB.
System memory in use after: 68.8 MB.

Unloading 24 unused Assets to reduce memory usage. Loaded Objects now: 1968.
Total: 6.676600 ms (FindLiveObjects: 0.515600 ms CreateObjectMapping: 0.279400 ms MarkObjects: 5.776100 ms  DeleteObjects: 0.101500 ms)

========================================================================
Received Prepare
Registering precompiled user dll's ...
Registered in 0.002659 seconds.
Begin MonoManager ReloadAssembly
Native extension for WindowsStandalone target not found
Native extension for WebGL target not found
Refreshing native plugins compatible for Editor in 0.44 ms, found 0 plugins.
Preloading 0 native plugins for Editor in 0.00 ms.
Invoked RoslynAnalysisRunner static constructor.
RoslynAnalysisRunner will not be running.
RoslynAnalysisRunner has terminated.
Mono: successfully reloaded assembly
- Completed reload, in  1.268 seconds
Platform modules already initialized, skipping
Refreshing native plugins compatible for Editor in 0.53 ms, found 0 plugins.
Preloading 0 native plugins for Editor in 0.00 ms.
Unloading 1395 Unused Serialized files (Serialized files now loaded: 0)
System memory in use before: 68.7 MB.
System memory in use after: 68.8 MB.

Unloading 24 unused Assets to reduce memory usage. Loaded Objects now: 1971.
Total: 3.396700 ms (FindLiveObjects: 0.190500 ms CreateObjectMapping: 0.061300 ms MarkObjects: 3.108100 ms  DeleteObjects: 0.034900 ms)

========================================================================
Received Prepare
Registering precompiled user dll's ...
Registered in 0.002425 seconds.
Begin MonoManager ReloadAssembly
Native extension for WindowsStandalone target not found
Native extension for WebGL target not found
Refreshing native plugins compatible for Editor in 0.88 ms, found 0 plugins.
Preloading 0 native plugins for Editor in 0.00 ms.
Invoked RoslynAnalysisRunner static constructor.
RoslynAnalysisRunner will not be running.
RoslynAnalysisRunner has terminated.
Mono: successfully reloaded assembly
- Completed reload, in  1.023 seconds
Platform modules already initialized, skipping
Refreshing native plugins compatible for Editor in 0.47 ms, found 0 plugins.
Preloading 0 native plugins for Editor in 0.00 ms.
Unloading 1395 Unused Serialized files (Serialized files now loaded: 0)
System memory in use before: 68.7 MB.
System memory in use after: 68.8 MB.

Unloading 24 unused Assets to reduce memory usage. Loaded Objects now: 1974.
Total: 2.260700 ms (FindLiveObjects: 0.174000 ms CreateObjectMapping: 0.052500 ms MarkObjects: 1.987500 ms  DeleteObjects: 0.044600 ms)

========================================================================
Received Import Request.
  Time since last request: 171.058664 seconds.
  path: Assets/Scripts/StarController.cs
  artifactKey: Guid(ac897732ea741c745a9e061a68517fcd) Importer(815301076,1909f56bfc062723c751e8b465ee728b)
Start importing Assets/Scripts/StarController.cs using Guid(ac897732ea741c745a9e061a68517fcd) Importer(815301076,1909f56bfc062723c751e8b465ee728b)  -> (artifact id: 'c6090ace2725acacb759cb72c099e6a4') in 0.073030 seconds
  Import took 0.354974 seconds .

========================================================================
Received Import Request.
  Time since last request: 0.187279 seconds.
  path: Assets/Scripts/StarController.cs
  artifactKey: Guid(ac897732ea741c745a9e061a68517fcd) Importer(815301076,1909f56bfc062723c751e8b465ee728b)
Start importing Assets/Scripts/StarController.cs using Guid(ac897732ea741c745a9e061a68517fcd) Importer(815301076,1909f56bfc062723c751e8b465ee728b)  -> (artifact id: 'c6090ace2725acacb759cb72c099e6a4') in 0.009786 seconds
  Import took 0.019353 seconds .

========================================================================
Received Prepare
Registering precompiled user dll's ...
Registered in 0.002692 seconds.
Begin MonoManager ReloadAssembly
Native extension for WindowsStandalone target not found
Native extension for WebGL target not found
Refreshing native plugins compatible for Editor in 0.43 ms, found 0 plugins.
Preloading 0 native plugins for Editor in 0.00 ms.
Invoked RoslynAnalysisRunner static constructor.
RoslynAnalysisRunner will not be running.
RoslynAnalysisRunner has terminated.
Mono: successfully reloaded assembly
- Completed reload, in  0.851 seconds
Platform modules already initialized, skipping
Refreshing native plugins compatible for Editor in 0.42 ms, found 0 plugins.
Preloading 0 native plugins for Editor in 0.00 ms.
Unloading 1395 Unused Serialized files (Serialized files now loaded: 0)
System memory in use before: 68.7 MB.
System memory in use after: 68.8 MB.

Unloading 24 unused Assets to reduce memory usage. Loaded Objects now: 1977.
Total: 2.080300 ms (FindLiveObjects: 0.182600 ms CreateObjectMapping: 0.048000 ms MarkObjects: 1.823000 ms  DeleteObjects: 0.025100 ms)

========================================================================
Received Import Request.
  Time since last request: 144.910670 seconds.
  path: Assets/Scripts/BallController.cs
  artifactKey: Guid(b55381afbb9ed904eae6cf5be7c2255a) Importer(815301076,1909f56bfc062723c751e8b465ee728b)
Start importing Assets/Scripts/BallController.cs using Guid(b55381afbb9ed904eae6cf5be7c2255a) Importer(815301076,1909f56bfc062723c751e8b465ee728b)  -> (artifact id: '82cef41097675933902c2da6445febc1') in 0.011845 seconds
  Import took 0.015304 seconds .

========================================================================
Received Import Request.
  Time since last request: 0.046124 seconds.
  path: Assets/Scripts/BallController.cs
  artifactKey: Guid(b55381afbb9ed904eae6cf5be7c2255a) Importer(815301076,1909f56bfc062723c751e8b465ee728b)
Start importing Assets/Scripts/BallController.cs using Guid(b55381afbb9ed904eae6cf5be7c2255a) Importer(815301076,1909f56bfc062723c751e8b465ee728b)  -> (artifact id: '82cef41097675933902c2da6445febc1') in 0.004408 seconds
  Import took 0.008116 seconds .

========================================================================
Received Import Request.
  Time since last request: 17.513716 seconds.
  path: Assets/Audios/Chiptune Shopping Adventures - Eight Bit8-bit - Royalty Free Music.mp3
  artifactKey: Guid(b75251feb3b41944780ed9847a1226a3) Importer(815301076,1909f56bfc062723c751e8b465ee728b)
Start importing Assets/Audios/Chiptune Shopping Adventures - Eight Bit8-bit - Royalty Free Music.mp3 using Guid(b75251feb3b41944780ed9847a1226a3) Importer(815301076,1909f56bfc062723c751e8b465ee728b)  -> (artifact id: '838eea9f43e132bd438496fcb3de1c9b') in 2.439726 seconds
  Import took 2.450359 seconds .

========================================================================
Received Import Request.
  Time since last request: 0.000512 seconds.
  path: Assets/Audios/How Now Brown Cow - RockRetro Comedy - Royalty Free Music.mp3
  artifactKey: Guid(b4ed0580ee944b04db2f15e7f26fd39c) Importer(815301076,1909f56bfc062723c751e8b465ee728b)
Start importing Assets/Audios/How Now Brown Cow - RockRetro Comedy - Royalty Free Music.mp3 using Guid(b4ed0580ee944b04db2f15e7f26fd39c) Importer(815301076,1909f56bfc062723c751e8b465ee728b)  -> (artifact id: 'c4f34beacc922837b977d4b447a0a968') in 0.244667 seconds
  Import took 0.255963 seconds .

========================================================================
Received Import Request.
  Time since last request: 0.000425 seconds.
  path: Assets/Audios/Golf Ball Hit - Gaming Sound Effect (HD).mp3
  artifactKey: Guid(af48fe80723eb9b4890737cfc3904e28) Importer(815301076,1909f56bfc062723c751e8b465ee728b)
Start importing Assets/Audios/Golf Ball Hit - Gaming Sound Effect (HD).mp3 using Guid(af48fe80723eb9b4890737cfc3904e28) Importer(815301076,1909f56bfc062723c751e8b465ee728b)  -> (artifact id: '748ac5570c51a259038d5aba647d3a38') in 0.107106 seconds
  Import took 0.158025 seconds .

========================================================================
Received Import Request.
  Time since last request: 0.000324 seconds.
  path: Assets/Audios/Glass and Metal Collision - Sound Effect.mp3
  artifactKey: Guid(e555cfdce725526429596397fbe1a408) Importer(815301076,1909f56bfc062723c751e8b465ee728b)
Start importing Assets/Audios/Glass and Metal Collision - Sound Effect.mp3 using Guid(e555cfdce725526429596397fbe1a408) Importer(815301076,1909f56bfc062723c751e8b465ee728b)  -> (artifact id: '8bde360fd24f137302cc967c4fa6e166') in 0.082008 seconds
  Import took 0.114250 seconds .

========================================================================
Received Prepare
Registering precompiled user dll's ...
Registered in 0.002457 seconds.
Begin MonoManager ReloadAssembly
Native extension for WindowsStandalone target not found
Native extension for WebGL target not found
Refreshing native plugins compatible for Editor in 0.44 ms, found 0 plugins.
Preloading 0 native plugins for Editor in 0.00 ms.
Invoked RoslynAnalysisRunner static constructor.
RoslynAnalysisRunner will not be running.
RoslynAnalysisRunner has terminated.
Mono: successfully reloaded assembly
- Completed reload, in  1.074 seconds
Platform modules already initialized, skipping
Refreshing native plugins compatible for Editor in 0.48 ms, found 0 plugins.
Preloading 0 native plugins for Editor in 0.00 ms.
Unloading 1395 Unused Serialized files (Serialized files now loaded: 0)
System memory in use before: 68.8 MB.
System memory in use after: 68.9 MB.

Unloading 24 unused Assets to reduce memory usage. Loaded Objects now: 1986.
Total: 2.377000 ms (FindLiveObjects: 0.255700 ms CreateObjectMapping: 0.081700 ms MarkObjects: 2.011000 ms  DeleteObjects: 0.027200 ms)

========================================================================
Received Prepare
Registering precompiled user dll's ...
Registered in 0.002480 seconds.
Begin MonoManager ReloadAssembly
Native extension for WindowsStandalone target not found
Native extension for WebGL target not found
Refreshing native plugins compatible for Editor in 0.44 ms, found 0 plugins.
Preloading 0 native plugins for Editor in 0.00 ms.
Invoked RoslynAnalysisRunner static constructor.
RoslynAnalysisRunner will not be running.
RoslynAnalysisRunner has terminated.
Mono: successfully reloaded assembly
- Completed reload, in  0.990 seconds
Platform modules already initialized, skipping
Refreshing native plugins compatible for Editor in 0.43 ms, found 0 plugins.
Preloading 0 native plugins for Editor in 0.00 ms.
Unloading 1397 Unused Serialized files (Serialized files now loaded: 0)
System memory in use before: 68.8 MB.
System memory in use after: 68.9 MB.

Unloading 24 unused Assets to reduce memory usage. Loaded Objects now: 1991.
Total: 1.903800 ms (FindLiveObjects: 0.163600 ms CreateObjectMapping: 0.051200 ms MarkObjects: 1.664500 ms  DeleteObjects: 0.022700 ms)

========================================================================
Received Prepare
Registering precompiled user dll's ...
Registered in 0.002360 seconds.
Begin MonoManager ReloadAssembly
Native extension for WindowsStandalone target not found
Native extension for WebGL target not found
Refreshing native plugins compatible for Editor in 0.45 ms, found 0 plugins.
Preloading 0 native plugins for Editor in 0.00 ms.
Invoked RoslynAnalysisRunner static constructor.
RoslynAnalysisRunner will not be running.
RoslynAnalysisRunner has terminated.
Mono: successfully reloaded assembly
- Completed reload, in  0.952 seconds
Platform modules already initialized, skipping
Refreshing native plugins compatible for Editor in 0.67 ms, found 0 plugins.
Preloading 0 native plugins for Editor in 0.00 ms.
Unloading 1397 Unused Serialized files (Serialized files now loaded: 0)
System memory in use before: 68.8 MB.
System memory in use after: 68.9 MB.

Unloading 24 unused Assets to reduce memory usage. Loaded Objects now: 1994.
Total: 2.260300 ms (FindLiveObjects: 0.256000 ms CreateObjectMapping: 0.085100 ms MarkObjects: 1.884100 ms  DeleteObjects: 0.032900 ms)

========================================================================
Received Prepare
Registering precompiled user dll's ...
Registered in 0.012417 seconds.
Begin MonoManager ReloadAssembly
Native extension for WindowsStandalone target not found
Native extension for WebGL target not found
Refreshing native plugins compatible for Editor in 1.46 ms, found 0 plugins.
Preloading 0 native plugins for Editor in 0.00 ms.
Invoked RoslynAnalysisRunner static constructor.
RoslynAnalysisRunner will not be running.
RoslynAnalysisRunner has terminated.
Mono: successfully reloaded assembly
- Completed reload, in  5.002 seconds
Platform modules already initialized, skipping
Refreshing native plugins compatible for Editor in 0.52 ms, found 0 plugins.
Preloading 0 native plugins for Editor in 0.00 ms.
Unloading 1397 Unused Serialized files (Serialized files now loaded: 0)
System memory in use before: 68.9 MB.
System memory in use after: 69.0 MB.

Unloading 24 unused Assets to reduce memory usage. Loaded Objects now: 1997.
Total: 7.426000 ms (FindLiveObjects: 0.565900 ms CreateObjectMapping: 0.099000 ms MarkObjects: 6.675200 ms  DeleteObjects: 0.082300 ms)

========================================================================
Received Import Request.
  Time since last request: 515.030479 seconds.
  path: Assets/Scripts/padle2.cs
  artifactKey: Guid(1eec1dbb79480ca46b57c28564cf3037) Importer(815301076,1909f56bfc062723c751e8b465ee728b)
Start importing Assets/Scripts/padle2.cs using Guid(1eec1dbb79480ca46b57c28564cf3037) Importer(815301076,1909f56bfc062723c751e8b465ee728b)  -> (artifact id: 'f887f499dc92f2e3c0d53fa44d09bdd7') in 0.013068 seconds
  Import took 0.130879 seconds .

========================================================================
Received Prepare
Registering precompiled user dll's ...
Registered in 0.003666 seconds.
Begin MonoManager ReloadAssembly
Native extension for WindowsStandalone target not found
Native extension for WebGL target not found
Refreshing native plugins compatible for Editor in 0.43 ms, found 0 plugins.
Preloading 0 native plugins for Editor in 0.00 ms.
Invoked RoslynAnalysisRunner static constructor.
RoslynAnalysisRunner will not be running.
RoslynAnalysisRunner has terminated.
Mono: successfully reloaded assembly
- Completed reload, in  1.189 seconds
Platform modules already initialized, skipping
Refreshing native plugins compatible for Editor in 0.46 ms, found 0 plugins.
Preloading 0 native plugins for Editor in 0.00 ms.
Unloading 1397 Unused Serialized files (Serialized files now loaded: 0)
System memory in use before: 68.9 MB.
System memory in use after: 69.0 MB.

Unloading 24 unused Assets to reduce memory usage. Loaded Objects now: 2000.
Total: 1.882400 ms (FindLiveObjects: 0.198100 ms CreateObjectMapping: 0.056500 ms MarkObjects: 1.602500 ms  DeleteObjects: 0.024300 ms)

========================================================================
Received Import Request.
  Time since last request: 9.463247 seconds.
  path: Assets/Scripts/Padle.cs
  artifactKey: Guid(60b6b73502e09594bbdc7ef6f7c27beb) Importer(815301076,1909f56bfc062723c751e8b465ee728b)
Start importing Assets/Scripts/Padle.cs using Guid(60b6b73502e09594bbdc7ef6f7c27beb) Importer(815301076,1909f56bfc062723c751e8b465ee728b)  -> (artifact id: 'f69ef802fced9f654e0412e1acb889e5') in 0.009334 seconds
  Import took 0.022451 seconds .

========================================================================
Received Prepare
Registering precompiled user dll's ...
Registered in 0.005675 seconds.
Begin MonoManager ReloadAssembly
Native extension for WindowsStandalone target not found
Native extension for WebGL target not found
Refreshing native plugins compatible for Editor in 0.43 ms, found 0 plugins.
Preloading 0 native plugins for Editor in 0.00 ms.
Invoked RoslynAnalysisRunner static constructor.
RoslynAnalysisRunner will not be running.
RoslynAnalysisRunner has terminated.
Mono: successfully reloaded assembly
- Completed reload, in  1.111 seconds
Platform modules already initialized, skipping
Refreshing native plugins compatible for Editor in 0.43 ms, found 0 plugins.
Preloading 0 native plugins for Editor in 0.00 ms.
Unloading 1397 Unused Serialized files (Serialized files now loaded: 0)
System memory in use before: 68.9 MB.
System memory in use after: 69.0 MB.

Unloading 24 unused Assets to reduce memory usage. Loaded Objects now: 2003.
Total: 2.324300 ms (FindLiveObjects: 0.222700 ms CreateObjectMapping: 0.060000 ms MarkObjects: 2.017000 ms  DeleteObjects: 0.023200 ms)

========================================================================
Received Import Request.
  Time since last request: 90.029375 seconds.
  path: Assets/Scripts/padle2.cs
  artifactKey: Guid(1eec1dbb79480ca46b57c28564cf3037) Importer(815301076,1909f56bfc062723c751e8b465ee728b)
Start importing Assets/Scripts/padle2.cs using Guid(1eec1dbb79480ca46b57c28564cf3037) Importer(815301076,1909f56bfc062723c751e8b465ee728b)  -> (artifact id: '00cef51c025ac30b33e44fd0f6f2ea7a') in 0.008234 seconds
  Import took 0.115103 seconds .

========================================================================
Received Prepare
Registering precompiled user dll's ...
Registered in 0.002638 seconds.
Begin MonoManager ReloadAssembly
Native extension for WindowsStandalone target not found
Native extension for WebGL target not found
Refreshing native plugins compatible for Editor in 0.43 ms, found 0 plugins.
Preloading 0 native plugins for Editor in 0.00 ms.
Invoked RoslynAnalysisRunner static constructor.
RoslynAnalysisRunner will not be running.
RoslynAnalysisRunner has terminated.
Mono: successfully reloaded assembly
- Completed reload, in  0.928 seconds
Platform modules already initialized, skipping
Refreshing native plugins compatible for Editor in 0.47 ms, found 0 plugins.
Preloading 0 native plugins for Editor in 0.00 ms.
Unloading 1397 Unused Serialized files (Serialized files now loaded: 0)
System memory in use before: 68.9 MB.
System memory in use after: 69.0 MB.

Unloading 24 unused Assets to reduce memory usage. Loaded Objects now: 2006.
Total: 1.947500 ms (FindLiveObjects: 0.208200 ms CreateObjectMapping: 0.055600 ms MarkObjects: 1.655200 ms  DeleteObjects: 0.027000 ms)

========================================================================
Received Prepare
Registering precompiled user dll's ...
Registered in 0.002595 seconds.
Begin MonoManager ReloadAssembly
Native extension for WindowsStandalone target not found
Native extension for WebGL target not found
Refreshing native plugins compatible for Editor in 0.45 ms, found 0 plugins.
Preloading 0 native plugins for Editor in 0.00 ms.
Invoked RoslynAnalysisRunner static constructor.
RoslynAnalysisRunner will not be running.
RoslynAnalysisRunner has terminated.
Mono: successfully reloaded assembly
- Completed reload, in  0.956 seconds
Platform modules already initialized, skipping
Refreshing native plugins compatible for Editor in 0.43 ms, found 0 plugins.
Preloading 0 native plugins for Editor in 0.00 ms.
Unloading 1397 Unused Serialized files (Serialized files now loaded: 0)
System memory in use before: 68.9 MB.
System memory in use after: 69.0 MB.

Unloading 24 unused Assets to reduce memory usage. Loaded Objects now: 2009.
Total: 2.373800 ms (FindLiveObjects: 0.202300 ms CreateObjectMapping: 0.049000 ms MarkObjects: 2.089000 ms  DeleteObjects: 0.031800 ms)

========================================================================
Received Import Request.
  Time since last request: 106.770583 seconds.
  path: Assets/Scripts/padle2.cs
  artifactKey: Guid(1eec1dbb79480ca46b57c28564cf3037) Importer(815301076,1909f56bfc062723c751e8b465ee728b)
Start importing Assets/Scripts/padle2.cs using Guid(1eec1dbb79480ca46b57c28564cf3037) Importer(815301076,1909f56bfc062723c751e8b465ee728b)  -> (artifact id: '3c9be8dda10bd6866a7197a1d2afff2c') in 0.008411 seconds
  Import took 0.114905 seconds .

========================================================================
Received Prepare
Registering precompiled user dll's ...
Registered in 0.005808 seconds.
Begin MonoManager ReloadAssembly
Native extension for WindowsStandalone target not found
Native extension for WebGL target not found
Refreshing native plugins compatible for Editor in 0.43 ms, found 0 plugins.
Preloading 0 native plugins for Editor in 0.00 ms.
Invoked RoslynAnalysisRunner static constructor.
RoslynAnalysisRunner will not be running.
RoslynAnalysisRunner has terminated.
Mono: successfully reloaded assembly
- Completed reload, in  1.019 seconds
Platform modules already initialized, skipping
Refreshing native plugins compatible for Editor in 0.41 ms, found 0 plugins.
Preloading 0 native plugins for Editor in 0.00 ms.
Unloading 1397 Unused Serialized files (Serialized files now loaded: 0)
System memory in use before: 68.9 MB.
System memory in use after: 69.0 MB.

Unloading 24 unused Assets to reduce memory usage. Loaded Objects now: 2012.
Total: 1.903700 ms (FindLiveObjects: 0.178600 ms CreateObjectMapping: 0.056600 ms MarkObjects: 1.642400 ms  DeleteObjects: 0.024800 ms)

========================================================================
Received Prepare
Registering precompiled user dll's ...
Registered in 0.003136 seconds.
Begin MonoManager ReloadAssembly
Native extension for WindowsStandalone target not found
Native extension for WebGL target not found
Refreshing native plugins compatible for Editor in 0.52 ms, found 0 plugins.
Preloading 0 native plugins for Editor in 0.00 ms.
Invoked RoslynAnalysisRunner static constructor.
RoslynAnalysisRunner will not be running.
RoslynAnalysisRunner has terminated.
Mono: successfully reloaded assembly
- Completed reload, in  1.305 seconds
Platform modules already initialized, skipping
Refreshing native plugins compatible for Editor in 0.77 ms, found 0 plugins.
Preloading 0 native plugins for Editor in 0.00 ms.
Unloading 1397 Unused Serialized files (Serialized files now loaded: 0)
System memory in use before: 68.9 MB.
System memory in use after: 69.0 MB.

Unloading 24 unused Assets to reduce memory usage. Loaded Objects now: 2015.
Total: 3.417300 ms (FindLiveObjects: 0.292900 ms CreateObjectMapping: 0.092600 ms MarkObjects: 2.996600 ms  DeleteObjects: 0.033800 ms)

========================================================================
Received Prepare
Registering precompiled user dll's ...
Registered in 0.003726 seconds.
Begin MonoManager ReloadAssembly
Native extension for WindowsStandalone target not found
Native extension for WebGL target not found
Refreshing native plugins compatible for Editor in 0.79 ms, found 0 plugins.
Preloading 0 native plugins for Editor in 0.00 ms.
Invoked RoslynAnalysisRunner static constructor.
RoslynAnalysisRunner will not be running.
RoslynAnalysisRunner has terminated.
Mono: successfully reloaded assembly
- Completed reload, in  1.292 seconds
Platform modules already initialized, skipping
Refreshing native plugins compatible for Editor in 0.51 ms, found 0 plugins.
Preloading 0 native plugins for Editor in 0.00 ms.
Unloading 1397 Unused Serialized files (Serialized files now loaded: 0)
System memory in use before: 68.9 MB.
System memory in use after: 69.0 MB.

Unloading 24 unused Assets to reduce memory usage. Loaded Objects now: 2018.
Total: 3.237700 ms (FindLiveObjects: 0.318400 ms CreateObjectMapping: 0.081000 ms MarkObjects: 2.799900 ms  DeleteObjects: 0.036700 ms)

========================================================================
Received Prepare
Registering precompiled user dll's ...
Registered in 0.003804 seconds.
Begin MonoManager ReloadAssembly
Native extension for WindowsStandalone target not found
Native extension for WebGL target not found
Refreshing native plugins compatible for Editor in 0.52 ms, found 0 plugins.
Preloading 0 native plugins for Editor in 0.00 ms.
Invoked RoslynAnalysisRunner static constructor.
RoslynAnalysisRunner will not be running.
RoslynAnalysisRunner has terminated.
Mono: successfully reloaded assembly
- Completed reload, in  1.325 seconds
Platform modules already initialized, skipping
Refreshing native plugins compatible for Editor in 0.54 ms, found 0 plugins.
Preloading 0 native plugins for Editor in 0.00 ms.
Unloading 1397 Unused Serialized files (Serialized files now loaded: 0)
System memory in use before: 68.9 MB.
System memory in use after: 69.0 MB.

Unloading 24 unused Assets to reduce memory usage. Loaded Objects now: 2021.
Total: 2.236000 ms (FindLiveObjects: 0.257100 ms CreateObjectMapping: 0.065600 ms MarkObjects: 1.880600 ms  DeleteObjects: 0.031200 ms)

========================================================================
Received Prepare
Registering precompiled user dll's ...
Registered in 0.004035 seconds.
Begin MonoManager ReloadAssembly
Native extension for WindowsStandalone target not found
Native extension for WebGL target not found
Refreshing native plugins compatible for Editor in 0.80 ms, found 0 plugins.
Preloading 0 native plugins for Editor in 0.00 ms.
Invoked RoslynAnalysisRunner static constructor.
RoslynAnalysisRunner will not be running.
RoslynAnalysisRunner has terminated.
Mono: successfully reloaded assembly
- Completed reload, in  1.295 seconds
Platform modules already initialized, skipping
Refreshing native plugins compatible for Editor in 0.75 ms, found 0 plugins.
Preloading 0 native plugins for Editor in 0.00 ms.
Unloading 1397 Unused Serialized files (Serialized files now loaded: 0)
System memory in use before: 68.9 MB.
System memory in use after: 69.0 MB.

Unloading 24 unused Assets to reduce memory usage. Loaded Objects now: 2024.
Total: 2.135500 ms (FindLiveObjects: 0.221400 ms CreateObjectMapping: 0.071800 ms MarkObjects: 1.811400 ms  DeleteObjects: 0.029500 ms)

========================================================================
Received Prepare
Registering precompiled user dll's ...
Registered in 0.002497 seconds.
Begin MonoManager ReloadAssembly
Native extension for WindowsStandalone target not found
Native extension for WebGL target not found
Refreshing native plugins compatible for Editor in 0.92 ms, found 0 plugins.
Preloading 0 native plugins for Editor in 0.00 ms.
Invoked RoslynAnalysisRunner static constructor.
RoslynAnalysisRunner will not be running.
RoslynAnalysisRunner has terminated.
Mono: successfully reloaded assembly
- Completed reload, in  1.063 seconds
Platform modules already initialized, skipping
Refreshing native plugins compatible for Editor in 0.49 ms, found 0 plugins.
Preloading 0 native plugins for Editor in 0.00 ms.
Unloading 1397 Unused Serialized files (Serialized files now loaded: 0)
System memory in use before: 68.9 MB.
System memory in use after: 69.0 MB.

Unloading 24 unused Assets to reduce memory usage. Loaded Objects now: 2027.
Total: 2.184800 ms (FindLiveObjects: 0.211200 ms CreateObjectMapping: 0.082600 ms MarkObjects: 1.861600 ms  DeleteObjects: 0.027700 ms)

========================================================================
Received Prepare
Registering precompiled user dll's ...
Registered in 0.002449 seconds.
Begin MonoManager ReloadAssembly
Native extension for WindowsStandalone target not found
Native extension for WebGL target not found
Refreshing native plugins compatible for Editor in 0.42 ms, found 0 plugins.
Preloading 0 native plugins for Editor in 0.00 ms.
Invoked RoslynAnalysisRunner static constructor.
RoslynAnalysisRunner will not be running.
RoslynAnalysisRunner has terminated.
Mono: successfully reloaded assembly
- Completed reload, in  0.883 seconds
Platform modules already initialized, skipping
Refreshing native plugins compatible for Editor in 0.57 ms, found 0 plugins.
Preloading 0 native plugins for Editor in 0.00 ms.
Unloading 1397 Unused Serialized files (Serialized files now loaded: 0)
System memory in use before: 68.9 MB.
System memory in use after: 69.0 MB.

Unloading 24 unused Assets to reduce memory usage. Loaded Objects now: 2030.
Total: 2.549000 ms (FindLiveObjects: 0.284200 ms CreateObjectMapping: 0.092100 ms MarkObjects: 2.144800 ms  DeleteObjects: 0.026600 ms)

========================================================================
Received Prepare
Registering precompiled user dll's ...
Registered in 0.002370 seconds.
Begin MonoManager ReloadAssembly
Native extension for WindowsStandalone target not found
Native extension for WebGL target not found
Refreshing native plugins compatible for Editor in 0.42 ms, found 0 plugins.
Preloading 0 native plugins for Editor in 0.00 ms.
Invoked RoslynAnalysisRunner static constructor.
RoslynAnalysisRunner will not be running.
RoslynAnalysisRunner has terminated.
Mono: successfully reloaded assembly
- Completed reload, in  0.919 seconds
Platform modules already initialized, skipping
Refreshing native plugins compatible for Editor in 0.43 ms, found 0 plugins.
Preloading 0 native plugins for Editor in 0.00 ms.
Unloading 1397 Unused Serialized files (Serialized files now loaded: 0)
System memory in use before: 68.9 MB.
System memory in use after: 69.0 MB.

Unloading 24 unused Assets to reduce memory usage. Loaded Objects now: 2033.
Total: 2.756700 ms (FindLiveObjects: 0.284700 ms CreateObjectMapping: 0.376400 ms MarkObjects: 2.058900 ms  DeleteObjects: 0.034700 ms)

AssetImportWorkerClient::OnTransportError - code=2 error=End of file
